[2024-02-03 07:22:23] [1] [WARN] Reporting disabled: using no op test run registrar
[2024-02-03 07:22:23] [1] [INFO] TEST [dummy-api-testing - deleteUserTest] STARTED at [16:22:23 2024-02-03]
[2024-02-03 07:22:25] [1] [INFO] Request method:	DELETE
Request URI:	https://dummyjson.com/users/5
Request params:	<none>
Query params:	<none>
Form params:	<none>
Path params:	<none>
Multiparts:		<none>
Cookies:		<none>
Headers:		Accept=*/*
				Content-Type=application/json; charset=UTF-8
Body:			<none>
HTTP/1.1 200 OK
access-control-allow-origin: *
x-dns-prefetch-control: off
x-frame-options: SAMEORIGIN
strict-transport-security: max-age=15552000; includeSubDomains
x-download-options: noopen
x-content-type-options: nosniff
x-xss-protection: 1; mode=block
x-ratelimit-limit: 100
x-ratelimit-remaining: 99
date: Sat, 03 Feb 2024 19:22:24 GMT
x-ratelimit-reset: 1706988148
content-type: application/json; charset=utf-8
etag: W/"542-elrJTGtagyhVZ/oEa+dX1XeMTso"
vary: Accept-Encoding
content-encoding: gzip
server: railway
transfer-encoding: chunked

{
    "id": 5,
    "firstName": "Mavis",
    "lastName": "Schultz",
    "maidenName": "Yundt",
    "age": 38,
    "gender": "male",
    "email": "kmeus4@upenn.edu",
    "phone": "+372 285 771 1911",
    "username": "kmeus4",
    "password": "aUTdmmmbH",
    "birthDate": "1968-11-03",
    "image": "https://robohash.org/Mavis.png?set=set4",
    "bloodGroup": "O+",
    "height": 188,
    "weight": 106.3,
    "eyeColor": "Brown",
    "hair": {
        "color": "Brown",
        "type": "Curly"
    },
    "domain": "columbia.edu",
    "ip": "103.72.86.183",
    "address": {
        "address": "2721 Lindsay Avenue",
        "city": "Louisville",
        "coordinates": {
            "lat": 38.263793,
            "lng": -85.700243
        },
        "postalCode": "40206",
        "state": "KY"
    },
    "macAddress": "F8:04:9E:ED:C0:68",
    "university": "Estonian University of Life Sciences",
    "bank": {
        "cardExpire": "01/24",
        "cardNumber": "4917245076693618",
        "cardType": "visa-electron",
        "currency": "Euro",
        "iban": "IT41 T114 5127 716J RGYB ZRUX DSJ"
    },
    "company": {
        "address": {
            "address": "8398 West Denton Lane",
            "city": "Glendale",
            "coordinates": {
                "lat": 33.515353,
                "lng": -112.240812
            },
            "postalCode": "85305",
            "state": "AZ"
        },
        "department": "Support",
        "name": "Adams Inc",
        "title": "Web Developer I"
    },
    "ein": "18-7178563",
    "ssn": "667-98-5357",
    "userAgent": "Mozilla/5.0 (Windows NT 6.0) AppleWebKit/535.1 (KHTML, like Gecko) Chrome/13.0.782.1 Safari/535.1",
    "crypto": {
        "coin": "Bitcoin",
        "wallet": "0xb9fc2fe63b2a6c003f1c324c3bfa53259162181a",
        "network": "Ethereum (ERC20)"
    },
    "isDeleted": true,
    "deletedOn": "2024-02-03T19:22:24.942Z"
}

[2024-02-03 07:22:25] [1] [INFO] JSON schema of version below or equal to draft-04 was detected
[2024-02-03 07:22:25] [1] [ERROR] TEST [dummy-api-testing - deleteUserTest] FAILED at [16:22:25 2024-02-03] - Validation against Json schema failed: 
[]: object has missing required properties (["party"])


com.zebrunner.carina.api.apitools.validation.JsonValidator.validateJsonAgainstSchemaV3V4(JsonValidator.java:121)
com.zebrunner.carina.api.apitools.validation.JsonValidator.validateJsonAgainstSchema(JsonValidator.java:67)
com.zebrunner.carina.api.AbstractApiMethodV2.validateResponseAgainstSchema(AbstractApiMethodV2.java:388)
com.solvd.dummy_api_test.api.APIUserTest.deleteUserTest(APIUserTest.java:46)
java.base/jdk.internal.reflect.DirectMethodHandleAccessor.invoke(DirectMethodHandleAccessor.java:103)
java.base/java.lang.reflect.Method.invoke(Method.java:580)
org.testng.internal.invokers.MethodInvocationHelper.invokeMethod(MethodInvocationHelper.java:139)
org.testng.internal.invokers.TestInvoker.invokeMethod(TestInvoker.java:677)
org.testng.internal.invokers.TestInvoker.invokeTestMethod(TestInvoker.java:221)
org.testng.internal.invokers.MethodRunner.runInSequence(MethodRunner.java:50)
org.testng.internal.invokers.TestInvoker$MethodInvocationAgent.invoke(TestInvoker.java:969)
org.testng.internal.invokers.TestInvoker.invokeTestMethods(TestInvoker.java:194)
org.testng.internal.invokers.TestMethodWorker.invokeTestMethods(TestMethodWorker.java:148)
org.testng.internal.invokers.TestMethodWorker.run(TestMethodWorker.java:128)
java.base/java.util.ArrayList.forEach(ArrayList.java:1596)
org.testng.TestRunner.privateRun(TestRunner.java:829)
org.testng.TestRunner.run(TestRunner.java:602)
org.testng.SuiteRunner.runTest(SuiteRunner.java:437)
org.testng.SuiteRunner.runSequentially(SuiteRunner.java:431)
org.testng.SuiteRunner.privateRun(SuiteRunner.java:391)
org.testng.SuiteRunner.run(SuiteRunner.java:330)
org.testng.SuiteRunnerWorker.runSuite(SuiteRunnerWorker.java:52)
org.testng.SuiteRunnerWorker.run(SuiteRunnerWorker.java:95)
org.testng.TestNG.runSuitesSequentially(TestNG.java:1256)
org.testng.TestNG.runSuitesLocally(TestNG.java:1176)
org.testng.TestNG.runSuites(TestNG.java:1099)
org.testng.TestNG.run(TestNG.java:1067)
com.intellij.rt.testng.IDEARemoteTestNG.run(IDEARemoteTestNG.java:65)
com.intellij.rt.testng.RemoteTestNGStarter.main(RemoteTestNGStarter.java:105)
